<?xml version="1.0" encoding="UTF-8"?>
<!-- Generated by org.testng.reporters.JUnitXMLReporter -->
<testsuite hostname="LAPTOP-SMQL2TD9" ignored="0" name="Test" tests="1" failures="0" timestamp="2020-11-08T01:05:37 IST" time="2.302" errors="0">
  <testcase name="@BeforeTest setUp" time="2.26" classname="testMethods.LoginTest">
    <failure type="org.openqa.selenium.SessionNotCreatedException" message="session not created: This version of ChromeDriver only supports Chrome version 84
Build info: version: &amp;apos;3.141.59&amp;apos;, revision: &amp;apos;e82be7d358&amp;apos;, time: &amp;apos;2018-11-14T08:17:03&amp;apos;
System info: host: &amp;apos;LAPTOP-SMQL2TD9&amp;apos;, ip: &amp;apos;192.168.1.8&amp;apos;, os.name: &amp;apos;Windows 10&amp;apos;, os.arch: &amp;apos;amd64&amp;apos;, os.version: &amp;apos;10.0&amp;apos;, java.version: &amp;apos;1.8.0_221&amp;apos;
Driver info: driver.version: ChromeDriver
remote stacktrace: Backtrace:
	Ordinal0 [0x006E87E3+2852835]
	Ordinal0 [0x005D5BB1+1727409]
	Ordinal0 [0x004AE4B9+517305]
	Ordinal0 [0x00440BA0+68512]
	Ordinal0 [0x0043D3A0+54176]
	Ordinal0 [0x0045D9F7+186871]
	Ordinal0 [0x0045D7FD+186365]
	Ordinal0 [0x0045B70B+177931]
	Ordinal0 [0x00442584+75140]
	Ordinal0 [0x00443650+79440]
	Ordinal0 [0x004435E9+79337]
	Ordinal0 [0x005EAD5C+1813852]
	GetHandleVerifier [0x0080C616+1075574]
	GetHandleVerifier [0x0080C367+1074887]
	GetHandleVerifier [0x00817497+1120247]
	GetHandleVerifier [0x0080CC16+1077110]
	Ordinal0 [0x005E3206+1782278]
	Ordinal0 [0x005EC3BB+1819579]
	Ordinal0 [0x005EC523+1819939]
	Ordinal0 [0x00602B45+1911621]
	BaseThreadInitThunk [0x76386359+25]
	RtlGetAppContainerNamedObjectPath [0x77247C24+228]
	RtlGetAppContainerNamedObjectPath [0x77247BF4+180]
">
      <![CDATA[org.openqa.selenium.SessionNotCreatedException: session not created: This version of ChromeDriver only supports Chrome version 84
Build info: version: '3.141.59', revision: 'e82be7d358', time: '2018-11-14T08:17:03'
System info: host: 'LAPTOP-SMQL2TD9', ip: '192.168.1.8', os.name: 'Windows 10', os.arch: 'amd64', os.version: '10.0', java.version: '1.8.0_221'
Driver info: driver.version: ChromeDriver
remote stacktrace: Backtrace:
Ordinal0 [0x006E87E3+2852835]
Ordinal0 [0x005D5BB1+1727409]
Ordinal0 [0x004AE4B9+517305]
Ordinal0 [0x00440BA0+68512]
Ordinal0 [0x0043D3A0+54176]
Ordinal0 [0x0045D9F7+186871]
Ordinal0 [0x0045D7FD+186365]
Ordinal0 [0x0045B70B+177931]
Ordinal0 [0x00442584+75140]
Ordinal0 [0x00443650+79440]
Ordinal0 [0x004435E9+79337]
Ordinal0 [0x005EAD5C+1813852]
GetHandleVerifier [0x0080C616+1075574]
GetHandleVerifier [0x0080C367+1074887]
GetHandleVerifier [0x00817497+1120247]
GetHandleVerifier [0x0080CC16+1077110]
Ordinal0 [0x005E3206+1782278]
Ordinal0 [0x005EC3BB+1819579]
Ordinal0 [0x005EC523+1819939]
Ordinal0 [0x00602B45+1911621]
BaseThreadInitThunk [0x76386359+25]
RtlGetAppContainerNamedObjectPath [0x77247C24+228]
RtlGetAppContainerNamedObjectPath [0x77247BF4+180]

at org.openqa.selenium.remote.W3CHandshakeResponse.lambda$errorHandler$0(W3CHandshakeResponse.java:62)
at org.openqa.selenium.remote.HandshakeResponse.lambda$getResponseFunction$0(HandshakeResponse.java:30)
at org.openqa.selenium.remote.ProtocolHandshake.lambda$createSession$0(ProtocolHandshake.java:126)
at java.util.stream.ReferencePipeline$3$1.accept(Unknown Source)
at java.util.Spliterators$ArraySpliterator.tryAdvance(Unknown Source)
at java.util.stream.ReferencePipeline.forEachWithCancel(Unknown Source)
at java.util.stream.AbstractPipeline.copyIntoWithCancel(Unknown Source)
at java.util.stream.AbstractPipeline.copyInto(Unknown Source)
at java.util.stream.AbstractPipeline.wrapAndCopyInto(Unknown Source)
at java.util.stream.FindOps$FindOp.evaluateSequential(Unknown Source)
at java.util.stream.AbstractPipeline.evaluate(Unknown Source)
at java.util.stream.ReferencePipeline.findFirst(Unknown Source)
at org.openqa.selenium.remote.ProtocolHandshake.createSession(ProtocolHandshake.java:128)
at org.openqa.selenium.remote.ProtocolHandshake.createSession(ProtocolHandshake.java:74)
at org.openqa.selenium.remote.HttpCommandExecutor.execute(HttpCommandExecutor.java:136)
at org.openqa.selenium.remote.service.DriverCommandExecutor.execute(DriverCommandExecutor.java:83)
at org.openqa.selenium.remote.RemoteWebDriver.execute(RemoteWebDriver.java:552)
at org.openqa.selenium.remote.RemoteWebDriver.startSession(RemoteWebDriver.java:213)
at org.openqa.selenium.remote.RemoteWebDriver.<init>(RemoteWebDriver.java:131)
at org.openqa.selenium.chrome.ChromeDriver.<init>(ChromeDriver.java:181)
at org.openqa.selenium.chrome.ChromeDriver.<init>(ChromeDriver.java:168)
at org.openqa.selenium.chrome.ChromeDriver.<init>(ChromeDriver.java:123)
at testMethods.LoginTest.setUp(LoginTest.java:23)
... Removed 28 stack frames]]>
    </failure>
  </testcase> <!-- @BeforeTest setUp -->
  <testcase name="@AfterTest tearDown" time="-1.604777737162E9" classname="testMethods.LoginTest">
    <skipped/>
  </testcase> <!-- @AfterTest tearDown -->
  <testcase name="login" time="0.0" classname="testMethods.LoginTest">
    <skipped/>
  </testcase> <!-- login -->
</testsuite> <!-- Test -->
