<?xml version="1.0" encoding="UTF-8"?>
<!-- Generated by org.testng.reporters.JUnitReportReporter -->
<testsuite skipped="0" hostname="LAPTOP-SMQL2TD9" name="miscellenious.BrokenLinks" tests="1" failures="0" timestamp="2020-10-21T00:11:42 IST" time="2.785" errors="1">
  <testcase name="brokenlinks" time="2.785" classname="miscellenious.BrokenLinks">
    <error type="org.openqa.selenium.SessionNotCreatedException" message="session not created: This version of ChromeDriver only supports Chrome version 84
Build info: version: &#039;3.141.59&#039;, revision: &#039;e82be7d358&#039;, time: &#039;2018-11-14T08:17:03&#039;
System info: host: &#039;LAPTOP-SMQL2TD9&#039;, ip: &#039;192.168.1.8&#039;, os.name: &#039;Windows 10&#039;, os.arch: &#039;amd64&#039;, os.version: &#039;10.0&#039;, java.version: &#039;1.8.0_221&#039;
Driver info: driver.version: ChromeDriver
remote stacktrace: Backtrace:
	Ordinal0 [0x010787E3+2852835]
	Ordinal0 [0x00F65BB1+1727409]
	Ordinal0 [0x00E3E4B9+517305]
	Ordinal0 [0x00DD0BA0+68512]
	Ordinal0 [0x00DCD3A0+54176]
	Ordinal0 [0x00DED9F7+186871]
	Ordinal0 [0x00DED7FD+186365]
	Ordinal0 [0x00DEB70B+177931]
	Ordinal0 [0x00DD2584+75140]
	Ordinal0 [0x00DD3650+79440]
	Ordinal0 [0x00DD35E9+79337]
	Ordinal0 [0x00F7AD5C+1813852]
	GetHandleVerifier [0x0119C616+1075574]
	GetHandleVerifier [0x0119C367+1074887]
	GetHandleVerifier [0x011A7497+1120247]
	GetHandleVerifier [0x0119CC16+1077110]
	Ordinal0 [0x00F73206+1782278]
	Ordinal0 [0x00F7C3BB+1819579]
	Ordinal0 [0x00F7C523+1819939]
	Ordinal0 [0x00F92B45+1911621]
	BaseThreadInitThunk [0x76386359+25]
	RtlGetAppContainerNamedObjectPath [0x77247C24+228]
	RtlGetAppContainerNamedObjectPath [0x77247BF4+180]
">
      <![CDATA[org.openqa.selenium.SessionNotCreatedException: session not created: This version of ChromeDriver only supports Chrome version 84
Build info: version: '3.141.59', revision: 'e82be7d358', time: '2018-11-14T08:17:03'
System info: host: 'LAPTOP-SMQL2TD9', ip: '192.168.1.8', os.name: 'Windows 10', os.arch: 'amd64', os.version: '10.0', java.version: '1.8.0_221'
Driver info: driver.version: ChromeDriver
remote stacktrace: Backtrace:
Ordinal0 [0x010787E3+2852835]
Ordinal0 [0x00F65BB1+1727409]
Ordinal0 [0x00E3E4B9+517305]
Ordinal0 [0x00DD0BA0+68512]
Ordinal0 [0x00DCD3A0+54176]
Ordinal0 [0x00DED9F7+186871]
Ordinal0 [0x00DED7FD+186365]
Ordinal0 [0x00DEB70B+177931]
Ordinal0 [0x00DD2584+75140]
Ordinal0 [0x00DD3650+79440]
Ordinal0 [0x00DD35E9+79337]
Ordinal0 [0x00F7AD5C+1813852]
GetHandleVerifier [0x0119C616+1075574]
GetHandleVerifier [0x0119C367+1074887]
GetHandleVerifier [0x011A7497+1120247]
GetHandleVerifier [0x0119CC16+1077110]
Ordinal0 [0x00F73206+1782278]
Ordinal0 [0x00F7C3BB+1819579]
Ordinal0 [0x00F7C523+1819939]
Ordinal0 [0x00F92B45+1911621]
BaseThreadInitThunk [0x76386359+25]
RtlGetAppContainerNamedObjectPath [0x77247C24+228]
RtlGetAppContainerNamedObjectPath [0x77247BF4+180]

at sun.reflect.NativeConstructorAccessorImpl.newInstance0(Native Method)
at sun.reflect.NativeConstructorAccessorImpl.newInstance(Unknown Source)
at sun.reflect.DelegatingConstructorAccessorImpl.newInstance(Unknown Source)
at java.lang.reflect.Constructor.newInstance(Unknown Source)
at org.openqa.selenium.remote.W3CHandshakeResponse.lambda$errorHandler$0(W3CHandshakeResponse.java:62)
at org.openqa.selenium.remote.HandshakeResponse.lambda$getResponseFunction$0(HandshakeResponse.java:30)
at org.openqa.selenium.remote.ProtocolHandshake.lambda$createSession$0(ProtocolHandshake.java:126)
at java.util.stream.ReferencePipeline$3$1.accept(Unknown Source)
at java.util.Spliterators$ArraySpliterator.tryAdvance(Unknown Source)
at java.util.stream.ReferencePipeline.forEachWithCancel(Unknown Source)
at java.util.stream.AbstractPipeline.copyIntoWithCancel(Unknown Source)
at java.util.stream.AbstractPipeline.copyInto(Unknown Source)
at java.util.stream.AbstractPipeline.wrapAndCopyInto(Unknown Source)
at java.util.stream.FindOps$FindOp.evaluateSequential(Unknown Source)
at java.util.stream.AbstractPipeline.evaluate(Unknown Source)
at java.util.stream.ReferencePipeline.findFirst(Unknown Source)
at org.openqa.selenium.remote.ProtocolHandshake.createSession(ProtocolHandshake.java:128)
at org.openqa.selenium.remote.ProtocolHandshake.createSession(ProtocolHandshake.java:74)
at org.openqa.selenium.remote.HttpCommandExecutor.execute(HttpCommandExecutor.java:136)
at org.openqa.selenium.remote.service.DriverCommandExecutor.execute(DriverCommandExecutor.java:83)
at org.openqa.selenium.remote.RemoteWebDriver.execute(RemoteWebDriver.java:552)
at org.openqa.selenium.remote.RemoteWebDriver.startSession(RemoteWebDriver.java:213)
at org.openqa.selenium.remote.RemoteWebDriver.<init>(RemoteWebDriver.java:131)
at org.openqa.selenium.chrome.ChromeDriver.<init>(ChromeDriver.java:181)
at org.openqa.selenium.chrome.ChromeDriver.<init>(ChromeDriver.java:168)
at org.openqa.selenium.chrome.ChromeDriver.<init>(ChromeDriver.java:123)
at miscellenious.BrokenLinks.brokenlinks(BrokenLinks.java:23)
at sun.reflect.NativeMethodAccessorImpl.invoke0(Native Method)
at sun.reflect.NativeMethodAccessorImpl.invoke(Unknown Source)
at sun.reflect.DelegatingMethodAccessorImpl.invoke(Unknown Source)
at java.lang.reflect.Method.invoke(Unknown Source)
at org.testng.internal.MethodInvocationHelper.invokeMethod(MethodInvocationHelper.java:134)
at org.testng.internal.TestInvoker.invokeMethod(TestInvoker.java:597)
at org.testng.internal.TestInvoker.invokeTestMethod(TestInvoker.java:173)
at org.testng.internal.MethodRunner.runInSequence(MethodRunner.java:46)
at org.testng.internal.TestInvoker$MethodInvocationAgent.invoke(TestInvoker.java:816)
at org.testng.internal.TestInvoker.invokeTestMethods(TestInvoker.java:146)
at org.testng.internal.TestMethodWorker.invokeTestMethods(TestMethodWorker.java:146)
at org.testng.internal.TestMethodWorker.run(TestMethodWorker.java:128)
at java.util.ArrayList.forEach(Unknown Source)
at org.testng.TestRunner.privateRun(TestRunner.java:766)
at org.testng.TestRunner.run(TestRunner.java:587)
at org.testng.SuiteRunner.runTest(SuiteRunner.java:384)
at org.testng.SuiteRunner.runSequentially(SuiteRunner.java:378)
at org.testng.SuiteRunner.privateRun(SuiteRunner.java:337)
at org.testng.SuiteRunner.run(SuiteRunner.java:286)
at org.testng.SuiteRunnerWorker.runSuite(SuiteRunnerWorker.java:53)
at org.testng.SuiteRunnerWorker.run(SuiteRunnerWorker.java:96)
at org.testng.TestNG.runSuitesSequentially(TestNG.java:1187)
at org.testng.TestNG.runSuitesLocally(TestNG.java:1109)
at org.testng.TestNG.runSuites(TestNG.java:1039)
at org.testng.TestNG.run(TestNG.java:1007)
at org.testng.remote.AbstractRemoteTestNG.run(AbstractRemoteTestNG.java:115)
at org.testng.remote.RemoteTestNG.initAndRun(RemoteTestNG.java:251)
at org.testng.remote.RemoteTestNG.main(RemoteTestNG.java:77)
]]>
    </error>
  </testcase> <!-- brokenlinks -->
  <system-out/>
</testsuite> <!-- miscellenious.BrokenLinks -->
